{"name": "Проверка раздела: «Лента заказов»", "status": "broken", "statusDetails": {"message": "selenium.common.exceptions.NoSuchElementException: Message: no such element: Unable to locate element: {\"method\":\"xpath\",\"selector\":\"//p[@class = 'OrderFeed_number__2MbrQ text text_type_digits-large'][2]\"}\n  (Session info: chrome=127.0.6533.73); For documentation on this error, please visit: https://www.selenium.dev/documentation/webdriver/troubleshooting/errors#no-such-element-exception\nStacktrace:\n\tGetHandleVerifier [0x0094F653+11395]\n\t(No symbol) [0x0092B7A4]\n\t(No symbol) [0x00871A43]\n\t(No symbol) [0x008B56C8]\n\t(No symbol) [0x008B58AB]\n\t(No symbol) [0x008F26A2]\n\t(No symbol) [0x008D71E4]\n\t(No symbol) [0x008F03DC]\n\t(No symbol) [0x008D6F36]\n\t(No symbol) [0x008AA276]\n\t(No symbol) [0x008AAECD]\n\tGetHandleVerifier [0x00A52403+1071667]\n\tGetHandleVerifier [0x00A5C9C4+1114100]\n\tGetHandleVerifier [0x00A554B2+1084130]\n\tGetHandleVerifier [0x0097013B+145259]\n\t(No symbol) [0x00931693]\n\t(No symbol) [0x0092EFB8]\n\t(No symbol) [0x0092F157]\n\t(No symbol) [0x0092842E]\n\tBaseThreadInitThunk [0x76327BA9+25]\n\tRtlInitializeExceptionChain [0x778AC10B+107]\n\tRtlClearBits [0x778AC08F+191]", "trace": "self = <tests.test_order_feed_validation.TestOrderFeed object at 0x00000280E2547940>, browser = <selenium.webdriver.chrome.webdriver.WebDriver (session=\"d5a9b723a2802a46508de467eb20c836\")>\n\n    @allure.title('Проверка раздела: «Лента заказов»')\n    @allure.description('при создании нового заказа счётчик Выполнено за сегодня увеличивается')\n    def test_new_order_counter_is_increacing_today(self, browser):\n        order_page = OrderPage(browser)\n        login_page = LoginPage(browser)\n        login_page.authorize()\n        order_page.click_on_element(mp.order_list)\n>       all_time_orders = order_page.get_element_text(of.count_today)\n\ntests\\test_order_feed_validation.py:60: \n_ _ _ _ _ _ _ _ _ _ _ _ _ _ _ _ _ _ _ _ _ _ _ _ _ _ _ _ _ _ _ _ _ _ _ _ _ _ _ _ _ _ _ _ _ _ _ _ _ _ _ _ _ _ _ _ _ _ _ _ _ _ _ _ _ _ _ _ _ _ _ _ _ _ _ _ _ _ _ _ _ _ _ _ _ _ _ _ _ _ _ _ _ _ _ _ _ _ _ _ _ _ _ _ _ _ _ _ _ _ _ _ _ _\npages\\base_pages.py:19: in get_element_text\n    element_dom = self.browser.find_element(*locator)\n..\\..\\..\\AppData\\Local\\Programs\\Python\\Python310\\lib\\site-packages\\selenium\\webdriver\\remote\\webdriver.py:741: in find_element\n    return self.execute(Command.FIND_ELEMENT, {\"using\": by, \"value\": value})[\"value\"]\n..\\..\\..\\AppData\\Local\\Programs\\Python\\Python310\\lib\\site-packages\\selenium\\webdriver\\remote\\webdriver.py:347: in execute\n    self.error_handler.check_response(response)\n_ _ _ _ _ _ _ _ _ _ _ _ _ _ _ _ _ _ _ _ _ _ _ _ _ _ _ _ _ _ _ _ _ _ _ _ _ _ _ _ _ _ _ _ _ _ _ _ _ _ _ _ _ _ _ _ _ _ _ _ _ _ _ _ _ _ _ _ _ _ _ _ _ _ _ _ _ _ _ _ _ _ _ _ _ _ _ _ _ _ _ _ _ _ _ _ _ _ _ _ _ _ _ _ _ _ _ _ _ _ _ _ _ _\n\nself = <selenium.webdriver.remote.errorhandler.ErrorHandler object at 0x00000280E25771C0>\nresponse = {'status': 404, 'value': '{\"value\":{\"error\":\"no such element\",\"message\":\"no such element: Unable to locate element: {\\...dInitThunk [0x76327BA9+25]\\\\n\\\\tRtlInitializeExceptionChain [0x778AC10B+107]\\\\n\\\\tRtlClearBits [0x778AC08F+191]\\\\n\"}}'}\n\n    def check_response(self, response: Dict[str, Any]) -> None:\n        \"\"\"Checks that a JSON response from the WebDriver does not have an\n        error.\n    \n        :Args:\n         - response - The JSON response from the WebDriver server as a dictionary\n           object.\n    \n        :Raises: If the response contains an error message.\n        \"\"\"\n        status = response.get(\"status\", None)\n        if not status or status == ErrorCode.SUCCESS:\n            return\n        value = None\n        message = response.get(\"message\", \"\")\n        screen: str = response.get(\"screen\", \"\")\n        stacktrace = None\n        if isinstance(status, int):\n            value_json = response.get(\"value\", None)\n            if value_json and isinstance(value_json, str):\n                import json\n    \n                try:\n                    value = json.loads(value_json)\n                    if len(value) == 1:\n                        value = value[\"value\"]\n                    status = value.get(\"error\", None)\n                    if not status:\n                        status = value.get(\"status\", ErrorCode.UNKNOWN_ERROR)\n                        message = value.get(\"value\") or value.get(\"message\")\n                        if not isinstance(message, str):\n                            value = message\n                            message = message.get(\"message\")\n                    else:\n                        message = value.get(\"message\", None)\n                except ValueError:\n                    pass\n    \n        exception_class: Type[WebDriverException]\n        e = ErrorCode()\n        error_codes = [item for item in dir(e) if not item.startswith(\"__\")]\n        for error_code in error_codes:\n            error_info = getattr(ErrorCode, error_code)\n            if isinstance(error_info, list) and status in error_info:\n                exception_class = getattr(ExceptionMapping, error_code, WebDriverException)\n                break\n        else:\n            exception_class = WebDriverException\n    \n        if not value:\n            value = response[\"value\"]\n        if isinstance(value, str):\n            raise exception_class(value)\n        if message == \"\" and \"message\" in value:\n            message = value[\"message\"]\n    \n        screen = None  # type: ignore[assignment]\n        if \"screen\" in value:\n            screen = value[\"screen\"]\n    \n        stacktrace = None\n        st_value = value.get(\"stackTrace\") or value.get(\"stacktrace\")\n        if st_value:\n            if isinstance(st_value, str):\n                stacktrace = st_value.split(\"\\n\")\n            else:\n                stacktrace = []\n                try:\n                    for frame in st_value:\n                        line = frame.get(\"lineNumber\", \"\")\n                        file = frame.get(\"fileName\", \"<anonymous>\")\n                        if line:\n                            file = f\"{file}:{line}\"\n                        meth = frame.get(\"methodName\", \"<anonymous>\")\n                        if \"className\" in frame:\n                            meth = f\"{frame['className']}.{meth}\"\n                        msg = \"    at %s (%s)\"\n                        msg = msg % (meth, file)\n                        stacktrace.append(msg)\n                except TypeError:\n                    pass\n        if exception_class == UnexpectedAlertPresentException:\n            alert_text = None\n            if \"data\" in value:\n                alert_text = value[\"data\"].get(\"text\")\n            elif \"alert\" in value:\n                alert_text = value[\"alert\"].get(\"text\")\n            raise exception_class(message, screen, stacktrace, alert_text)  # type: ignore[call-arg]  # mypy is not smart enough here\n>       raise exception_class(message, screen, stacktrace)\nE       selenium.common.exceptions.NoSuchElementException: Message: no such element: Unable to locate element: {\"method\":\"xpath\",\"selector\":\"//p[@class = 'OrderFeed_number__2MbrQ text text_type_digits-large'][2]\"}\nE         (Session info: chrome=127.0.6533.73); For documentation on this error, please visit: https://www.selenium.dev/documentation/webdriver/troubleshooting/errors#no-such-element-exception\nE       Stacktrace:\nE       \tGetHandleVerifier [0x0094F653+11395]\nE       \t(No symbol) [0x0092B7A4]\nE       \t(No symbol) [0x00871A43]\nE       \t(No symbol) [0x008B56C8]\nE       \t(No symbol) [0x008B58AB]\nE       \t(No symbol) [0x008F26A2]\nE       \t(No symbol) [0x008D71E4]\nE       \t(No symbol) [0x008F03DC]\nE       \t(No symbol) [0x008D6F36]\nE       \t(No symbol) [0x008AA276]\nE       \t(No symbol) [0x008AAECD]\nE       \tGetHandleVerifier [0x00A52403+1071667]\nE       \tGetHandleVerifier [0x00A5C9C4+1114100]\nE       \tGetHandleVerifier [0x00A554B2+1084130]\nE       \tGetHandleVerifier [0x0097013B+145259]\nE       \t(No symbol) [0x00931693]\nE       \t(No symbol) [0x0092EFB8]\nE       \t(No symbol) [0x0092F157]\nE       \t(No symbol) [0x0092842E]\nE       \tBaseThreadInitThunk [0x76327BA9+25]\nE       \tRtlInitializeExceptionChain [0x778AC10B+107]\nE       \tRtlClearBits [0x778AC08F+191]\n\n..\\..\\..\\AppData\\Local\\Programs\\Python\\Python310\\lib\\site-packages\\selenium\\webdriver\\remote\\errorhandler.py:229: NoSuchElementException"}, "description": "при создании нового заказа счётчик Выполнено за сегодня увеличивается", "start": 1722267743866, "stop": 1722267754953, "uuid": "974c6f0d-750f-4e1d-a8b3-33a55dcc99ab", "historyId": "cf47e9dcc4fbc132e55c38c785f9864c", "testCaseId": "cf47e9dcc4fbc132e55c38c785f9864c", "fullName": "tests.test_order_feed_validation.TestOrderFeed#test_new_order_counter_is_increacing_today", "labels": [{"name": "parentSuite", "value": "tests"}, {"name": "suite", "value": "test_order_feed_validation"}, {"name": "subSuite", "value": "TestOrderFeed"}, {"name": "host", "value": "DESKTOP-VA8Q8IQ"}, {"name": "thread", "value": "33940-MainThread"}, {"name": "framework", "value": "pytest"}, {"name": "language", "value": "cpython3"}, {"name": "package", "value": "tests.test_order_feed_validation"}]}