{"name": "Проверка раздела: «Лента заказов»", "status": "failed", "statusDetails": {"message": "AssertionError: assert 'Выполнен' == 'Состав'\n  \n  - Состав\n  + Выполнен", "trace": "self = <tests.test_order_feed_validation.TestOrderFeed object at 0x00000280E25474C0>, browser = <selenium.webdriver.chrome.webdriver.WebDriver (session=\"16656f6b8fdc242e229f1993b600f404\")>\n\n    @allure.title('Проверка раздела: «Лента заказов»')\n    @allure.description('если кликнуть на заказ, откроется всплывающее окно с деталями')\n    def test_click_order_open_order_details(self, browser):\n        order_page = OrderPage(browser)\n        login_page = LoginPage(browser)\n        login_page.authorize()\n        order_page.click_on_element(mp.order_list)\n        order_page.click_on_element(of.first_order)\n>       assert order_page.get_element_text(of.check_text_details_order) == 'Состав'\nE       AssertionError: assert 'Выполнен' == 'Состав'\nE         \nE         - Состав\nE         + Выполнен\n\ntests\\test_order_feed_validation.py:17: AssertionError"}, "description": "если кликнуть на заказ, откроется всплывающее окно с деталями", "start": 1722267685859, "stop": 1722267688097, "uuid": "2cf69c0d-8c74-4083-8315-abfd4a6c1cfb", "historyId": "5c92fa55a59a8ebdc63e431dcd06ced3", "testCaseId": "5c92fa55a59a8ebdc63e431dcd06ced3", "fullName": "tests.test_order_feed_validation.TestOrderFeed#test_click_order_open_order_details", "labels": [{"name": "parentSuite", "value": "tests"}, {"name": "suite", "value": "test_order_feed_validation"}, {"name": "subSuite", "value": "TestOrderFeed"}, {"name": "host", "value": "DESKTOP-VA8Q8IQ"}, {"name": "thread", "value": "33940-MainThread"}, {"name": "framework", "value": "pytest"}, {"name": "language", "value": "cpython3"}, {"name": "package", "value": "tests.test_order_feed_validation"}]}