{"name": "Проверка раздела: Личный кабинет", "status": "broken", "statusDetails": {"message": "selenium.common.exceptions.TimeoutException: Message: \nStacktrace:\n\tGetHandleVerifier [0x0094F653+11395]\n\t(No symbol) [0x0092B7A4]\n\t(No symbol) [0x00871A43]\n\t(No symbol) [0x008B56C8]\n\t(No symbol) [0x008B58AB]\n\t(No symbol) [0x008F26A2]\n\t(No symbol) [0x008D71E4]\n\t(No symbol) [0x008F03DC]\n\t(No symbol) [0x008D6F36]\n\t(No symbol) [0x008AA276]\n\t(No symbol) [0x008AAECD]\n\tGetHandleVerifier [0x00A52403+1071667]\n\tGetHandleVerifier [0x00A5C9C4+1114100]\n\tGetHandleVerifier [0x00A554B2+1084130]\n\tGetHandleVerifier [0x0097013B+145259]\n\t(No symbol) [0x00931693]\n\t(No symbol) [0x0092EFB8]\n\t(No symbol) [0x0092F157]\n\t(No symbol) [0x0092842E]\n\tBaseThreadInitThunk [0x76327BA9+25]\n\tRtlInitializeExceptionChain [0x778AC10B+107]\n\tRtlClearBits [0x778AC08F+191]", "trace": "self = <tests.test_password_retrieval.TestPersonalAccount object at 0x00000280E2574430>, browser = <selenium.webdriver.chrome.webdriver.WebDriver (session=\"10b2770f740d43deac2164ce0fc1dc1b\")>\n\n    @allure.title('Проверка раздела: Личный кабинет')\n    @allure.description('переход в раздел «История заказов»,')\n    def test_click_order_history(self, browser):\n        login_page = LoginPage(browser)\n        login_page.authorize()\n        login_page.click_on_element(mp.account_autorize_button)\n        login_page.click_on_element(mp.order_history)\n>       login_page.wait_element(mp.check_text_order_history)\n\ntests\\test_password_retrieval.py:24: \n_ _ _ _ _ _ _ _ _ _ _ _ _ _ _ _ _ _ _ _ _ _ _ _ _ _ _ _ _ _ _ _ _ _ _ _ _ _ _ _ _ _ _ _ _ _ _ _ _ _ _ _ _ _ _ _ _ _ _ _ _ _ _ _ _ _ _ _ _ _ _ _ _ _ _ _ _ _ _ _ _ _ _ _ _ _ _ _ _ _ _ _ _ _ _ _ _ _ _ _ _ _ _ _ _ _ _ _ _ _ _ _ _ _\npages\\base_pages.py:31: in wait_element\n    return WebDriverWait(self.browser, 10).until(ec.visibility_of_element_located(locator))\n_ _ _ _ _ _ _ _ _ _ _ _ _ _ _ _ _ _ _ _ _ _ _ _ _ _ _ _ _ _ _ _ _ _ _ _ _ _ _ _ _ _ _ _ _ _ _ _ _ _ _ _ _ _ _ _ _ _ _ _ _ _ _ _ _ _ _ _ _ _ _ _ _ _ _ _ _ _ _ _ _ _ _ _ _ _ _ _ _ _ _ _ _ _ _ _ _ _ _ _ _ _ _ _ _ _ _ _ _ _ _ _ _ _\n\nself = <selenium.webdriver.support.wait.WebDriverWait (session=\"10b2770f740d43deac2164ce0fc1dc1b\")>, method = <function visibility_of_element_located.<locals>._predicate at 0x00000280E26A4040>, message = ''\n\n    def until(self, method: Callable[[D], Union[Literal[False], T]], message: str = \"\") -> T:\n        \"\"\"Calls the method provided with the driver as an argument until the \\\n        return value does not evaluate to ``False``.\n    \n        :param method: callable(WebDriver)\n        :param message: optional message for :exc:`TimeoutException`\n        :returns: the result of the last call to `method`\n        :raises: :exc:`selenium.common.exceptions.TimeoutException` if timeout occurs\n        \"\"\"\n        screen = None\n        stacktrace = None\n    \n        end_time = time.monotonic() + self._timeout\n        while True:\n            try:\n                value = method(self._driver)\n                if value:\n                    return value\n            except self._ignored_exceptions as exc:\n                screen = getattr(exc, \"screen\", None)\n                stacktrace = getattr(exc, \"stacktrace\", None)\n            time.sleep(self._poll)\n            if time.monotonic() > end_time:\n                break\n>       raise TimeoutException(message, screen, stacktrace)\nE       selenium.common.exceptions.TimeoutException: Message: \nE       Stacktrace:\nE       \tGetHandleVerifier [0x0094F653+11395]\nE       \t(No symbol) [0x0092B7A4]\nE       \t(No symbol) [0x00871A43]\nE       \t(No symbol) [0x008B56C8]\nE       \t(No symbol) [0x008B58AB]\nE       \t(No symbol) [0x008F26A2]\nE       \t(No symbol) [0x008D71E4]\nE       \t(No symbol) [0x008F03DC]\nE       \t(No symbol) [0x008D6F36]\nE       \t(No symbol) [0x008AA276]\nE       \t(No symbol) [0x008AAECD]\nE       \tGetHandleVerifier [0x00A52403+1071667]\nE       \tGetHandleVerifier [0x00A5C9C4+1114100]\nE       \tGetHandleVerifier [0x00A554B2+1084130]\nE       \tGetHandleVerifier [0x0097013B+145259]\nE       \t(No symbol) [0x00931693]\nE       \t(No symbol) [0x0092EFB8]\nE       \t(No symbol) [0x0092F157]\nE       \t(No symbol) [0x0092842E]\nE       \tBaseThreadInitThunk [0x76327BA9+25]\nE       \tRtlInitializeExceptionChain [0x778AC10B+107]\nE       \tRtlClearBits [0x778AC08F+191]\n\n..\\..\\..\\AppData\\Local\\Programs\\Python\\Python310\\lib\\site-packages\\selenium\\webdriver\\support\\wait.py:105: TimeoutException"}, "description": "переход в раздел «История заказов»,", "start": 1722267794711, "stop": 1722267806681, "uuid": "ecc0dc57-496d-429d-93d5-a77e18a3ad0d", "historyId": "20541a2554ed0be7d93a23baed3d4934", "testCaseId": "20541a2554ed0be7d93a23baed3d4934", "fullName": "tests.test_password_retrieval.TestPersonalAccount#test_click_order_history", "labels": [{"name": "parentSuite", "value": "tests"}, {"name": "suite", "value": "test_password_retrieval"}, {"name": "subSuite", "value": "TestPersonalAccount"}, {"name": "host", "value": "DESKTOP-VA8Q8IQ"}, {"name": "thread", "value": "33940-MainThread"}, {"name": "framework", "value": "pytest"}, {"name": "language", "value": "cpython3"}, {"name": "package", "value": "tests.test_password_retrieval"}]}